Using pre-set license
Built from '2021.1/staging' branch; Version is '2021.1.0b7 (02180fe17a0e) revision 137231'; Using compiler version '192528614'; Build Type 'Release'
OS: 'Windows 10 Home; OS build 19041.329; Version 2004; 64bit' Language: 'en' Physical Memory: 3977 MB
BatchMode: 1, IsHumanControllingUs: 0, StartBugReporterOnCrash: 0, Is64bit: 1, IsPro: 0

 COMMAND LINE ARGUMENTS:
D:\2021.1.0b7\Editor\Unity.exe
-adb2
-batchMode
-noUpm
-name
AssetImportWorker0
-projectPath
D:/LKLD/LionKingdom_Unity
-logFile
Logs/AssetImportWorker0.log
-srvPort
62066
Successfully changed project path to: D:/LKLD/LionKingdom_Unity
D:/LKLD/LionKingdom_Unity
Using Asset Import Pipeline V2.
Refreshing native plugins compatible for Editor in 3796.29 ms, found 2 plugins.
Preloading 0 native plugins for Editor in 0.00 ms.
Initialize engine version: 2021.1.0b7 (02180fe17a0e)
[Subsystems] Discovering subsystems at path D:/2021.1.0b7/Editor/Data/Resources/UnitySubsystems
[Subsystems] Discovering subsystems at path D:/LKLD/LionKingdom_Unity/Assets
GfxDevice: creating device client; threaded=0; jobified=0
Direct3D:
    Version:  Direct3D 11.0 [level 11.1]
    Renderer: AMD Radeon(TM) R5 Graphics (ID=0x98e4)
    Vendor:   ATI
    VRAM:     1988 MB
    Driver:   26.20.14048.5000
Initialize mono
Mono path[0] = 'D:/2021.1.0b7/Editor/Data/Managed'
Mono path[1] = 'D:/2021.1.0b7/Editor/Data/MonoBleedingEdge/lib/mono/unityjit'
Mono config path = 'D:/2021.1.0b7/Editor/Data/MonoBleedingEdge/etc'
Using monoOptions --debugger-agent=transport=dt_socket,embedding=1,server=y,suspend=n,address=127.0.0.1:56556
Begin MonoManager ReloadAssembly
Registering precompiled unity dll's ...
Register platform support module: D:/2021.1.0b7/Editor/Data/PlaybackEngines/WindowsStandaloneSupport/UnityEditor.WindowsStandalone.Extensions.dll
Registered in 0.456030 seconds.
Native extension for WindowsStandalone target not found
Refreshing native plugins compatible for Editor in 299.78 ms, found 2 plugins.
Preloading 0 native plugins for Editor in 0.00 ms.
Mono: successfully reloaded assembly
- Completed reload, in 13.337 seconds
Platform modules already initialized, skipping
Registering precompiled user dll's ...
Registered in 0.891463 seconds.
